[0m13:59:57.977386 [debug] [MainThread]: Sending event: {'category': 'dbt', 'action': 'invocation', 'label': 'start', 'context': [<snowplow_tracker.self_describing_json.SelfDescribingJson object at 0x7fd566842320>, <snowplow_tracker.self_describing_json.SelfDescribingJson object at 0x7fd564cda3e0>, <snowplow_tracker.self_describing_json.SelfDescribingJson object at 0x7fd564cd86d0>]}


============================== 13:59:57.980797 | cf0e4582-b721-40ef-9bee-45fbcd304f96 ==============================
[0m13:59:57.980797 [info ] [MainThread]: Running with dbt=1.7.10
[0m13:59:57.981335 [debug] [MainThread]: running dbt with arguments {'printer_width': '80', 'indirect_selection': 'eager', 'write_json': 'True', 'log_cache_events': 'False', 'partial_parse': 'True', 'cache_selected_only': 'False', 'warn_error': 'None', 'version_check': 'True', 'profiles_dir': '/home/seacevedo/.dbt', 'log_path': 'logs', 'fail_fast': 'False', 'debug': 'False', 'use_colors': 'True', 'use_experimental_parser': 'False', 'no_print': 'None', 'quiet': 'False', 'log_format': 'default', 'invocation_command': 'dbt init', 'static_parser': 'True', 'warn_error_options': 'WarnErrorOptions(include=[], exclude=[])', 'target_path': 'None', 'introspect': 'True', 'send_anonymous_usage_stats': 'True'}
[0m14:00:54.208478 [debug] [MainThread]: Starter project path: /home/seacevedo/.local/share/virtualenvs/rebrickable_analytics-stUUyllz/lib/python3.10/site-packages/dbt/include/starter_project
[0m14:00:54.213474 [info ] [MainThread]: 
Your new dbt project "rebrickable_dbt" was created!

For more information on how to configure the profiles.yml file,
please consult the dbt documentation here:

  https://docs.getdbt.com/docs/configure-your-profile

One more thing:

Need help? Don't hesitate to reach out to us via GitHub issues or on Slack:

  https://community.getdbt.com/

Happy modeling!

[0m14:00:54.214457 [info ] [MainThread]: Setting up your profile.
[0m14:02:19.207922 [debug] [MainThread]: Sending event: {'category': 'dbt', 'action': 'invocation', 'label': 'start', 'context': [<snowplow_tracker.self_describing_json.SelfDescribingJson object at 0x7f69cbc8e320>, <snowplow_tracker.self_describing_json.SelfDescribingJson object at 0x7f69ca1223e0>, <snowplow_tracker.self_describing_json.SelfDescribingJson object at 0x7f69ca1206d0>]}


============================== 14:02:19.210764 | 328ca069-f00d-4765-a350-11a600274418 ==============================
[0m14:02:19.210764 [info ] [MainThread]: Running with dbt=1.7.10
[0m14:02:19.211335 [debug] [MainThread]: running dbt with arguments {'printer_width': '80', 'indirect_selection': 'eager', 'write_json': 'True', 'log_cache_events': 'False', 'partial_parse': 'True', 'cache_selected_only': 'False', 'warn_error': 'None', 'fail_fast': 'False', 'profiles_dir': '/home/seacevedo/.dbt', 'log_path': 'logs', 'debug': 'False', 'version_check': 'True', 'use_colors': 'True', 'use_experimental_parser': 'False', 'no_print': 'None', 'quiet': 'False', 'log_format': 'default', 'static_parser': 'True', 'invocation_command': 'dbt init', 'warn_error_options': 'WarnErrorOptions(include=[], exclude=[])', 'target_path': 'None', 'introspect': 'True', 'send_anonymous_usage_stats': 'True'}
[0m14:02:26.753609 [debug] [MainThread]: Starter project path: /home/seacevedo/.local/share/virtualenvs/rebrickable_analytics-stUUyllz/lib/python3.10/site-packages/dbt/include/starter_project
[0m14:02:26.755893 [info ] [MainThread]: 
Your new dbt project "rebrickable_dbt" was created!

For more information on how to configure the profiles.yml file,
please consult the dbt documentation here:

  https://docs.getdbt.com/docs/configure-your-profile

One more thing:

Need help? Don't hesitate to reach out to us via GitHub issues or on Slack:

  https://community.getdbt.com/

Happy modeling!

[0m14:02:26.756344 [info ] [MainThread]: Setting up your profile.
[0m14:04:35.027945 [info ] [MainThread]: Profile rebrickable_dbt written to /home/seacevedo/.dbt/profiles.yml using target's profile_template.yml and your supplied values. Run 'dbt debug' to validate the connection.
[0m14:04:35.028999 [debug] [MainThread]: Resource report: {"command_name": "init", "command_success": true, "command_wall_clock_time": 135.87042, "process_user_time": 2.138494, "process_kernel_time": 0.089936, "process_mem_max_rss": "107288", "process_out_blocks": "88", "process_in_blocks": "0"}
[0m14:04:35.029579 [debug] [MainThread]: Command `dbt init` succeeded at 14:04:35.029441 after 135.87 seconds
[0m14:04:35.029972 [debug] [MainThread]: Sending event: {'category': 'dbt', 'action': 'invocation', 'label': 'end', 'context': [<snowplow_tracker.self_describing_json.SelfDescribingJson object at 0x7f69cbc8e320>, <snowplow_tracker.self_describing_json.SelfDescribingJson object at 0x7f69ca120550>, <snowplow_tracker.self_describing_json.SelfDescribingJson object at 0x7f69ca122da0>]}
[0m14:04:35.030370 [debug] [MainThread]: Flushing usage events
[0m21:03:35.261327 [debug] [MainThread]: Sending event: {'category': 'dbt', 'action': 'invocation', 'label': 'start', 'context': [<snowplow_tracker.self_describing_json.SelfDescribingJson object at 0x7f6e304eab00>, <snowplow_tracker.self_describing_json.SelfDescribingJson object at 0x7f6e2eadf2e0>, <snowplow_tracker.self_describing_json.SelfDescribingJson object at 0x7f6e2eadf280>]}


============================== 21:03:35.265452 | ee2c761d-4fb5-4015-bf6f-b7eca7f82c94 ==============================
[0m21:03:35.265452 [info ] [MainThread]: Running with dbt=1.7.10
[0m21:03:35.266213 [debug] [MainThread]: running dbt with arguments {'printer_width': '80', 'indirect_selection': 'eager', 'write_json': 'True', 'log_cache_events': 'False', 'partial_parse': 'True', 'cache_selected_only': 'False', 'warn_error': 'None', 'fail_fast': 'False', 'version_check': 'True', 'log_path': 'logs', 'debug': 'False', 'profiles_dir': '/home/seacevedo/.dbt', 'use_colors': 'True', 'use_experimental_parser': 'False', 'no_print': 'None', 'quiet': 'False', 'warn_error_options': 'WarnErrorOptions(include=[], exclude=[])', 'invocation_command': 'dbt debug', 'static_parser': 'True', 'introspect': 'True', 'target_path': 'None', 'log_format': 'default', 'send_anonymous_usage_stats': 'True'}
[0m21:03:35.266846 [info ] [MainThread]: dbt version: 1.7.10
[0m21:03:35.267353 [info ] [MainThread]: python version: 3.10.6
[0m21:03:35.267751 [info ] [MainThread]: python path: /home/seacevedo/.local/share/virtualenvs/rebrickable_analytics-stUUyllz/bin/python
[0m21:03:35.268144 [info ] [MainThread]: os info: Linux-5.15.146.1-microsoft-standard-WSL2-x86_64-with-glibc2.35
[0m21:03:35.268554 [info ] [MainThread]: Using profiles dir at /home/seacevedo/.dbt
[0m21:03:35.268951 [info ] [MainThread]: Using profiles.yml file at /home/seacevedo/.dbt/profiles.yml
[0m21:03:35.269358 [info ] [MainThread]: Using dbt_project.yml file at /home/seacevedo/rebrickable_analytics/dbt_project.yml
[0m21:03:35.269763 [info ] [MainThread]: Configuration:
[0m21:03:35.270133 [info ] [MainThread]:   profiles.yml file [[31mERROR not found[0m]
[0m21:03:35.270507 [info ] [MainThread]:   dbt_project.yml file [[31mERROR not found[0m]
[0m21:03:35.270871 [info ] [MainThread]: Required dependencies:
[0m21:03:35.271264 [debug] [MainThread]: Executing "git --help"
[0m21:03:35.285175 [debug] [MainThread]: STDOUT: "b"usage: git [--version] [--help] [-C <path>] [-c <name>=<value>]\n           [--exec-path[=<path>]] [--html-path] [--man-path] [--info-path]\n           [-p | --paginate | -P | --no-pager] [--no-replace-objects] [--bare]\n           [--git-dir=<path>] [--work-tree=<path>] [--namespace=<name>]\n           [--super-prefix=<path>] [--config-env=<name>=<envvar>]\n           <command> [<args>]\n\nThese are common Git commands used in various situations:\n\nstart a working area (see also: git help tutorial)\n   clone     Clone a repository into a new directory\n   init      Create an empty Git repository or reinitialize an existing one\n\nwork on the current change (see also: git help everyday)\n   add       Add file contents to the index\n   mv        Move or rename a file, a directory, or a symlink\n   restore   Restore working tree files\n   rm        Remove files from the working tree and from the index\n\nexamine the history and state (see also: git help revisions)\n   bisect    Use binary search to find the commit that introduced a bug\n   diff      Show changes between commits, commit and working tree, etc\n   grep      Print lines matching a pattern\n   log       Show commit logs\n   show      Show various types of objects\n   status    Show the working tree status\n\ngrow, mark and tweak your common history\n   branch    List, create, or delete branches\n   commit    Record changes to the repository\n   merge     Join two or more development histories together\n   rebase    Reapply commits on top of another base tip\n   reset     Reset current HEAD to the specified state\n   switch    Switch branches\n   tag       Create, list, delete or verify a tag object signed with GPG\n\ncollaborate (see also: git help workflows)\n   fetch     Download objects and refs from another repository\n   pull      Fetch from and integrate with another repository or a local branch\n   push      Update remote refs along with associated objects\n\n'git help -a' and 'git help -g' list available subcommands and some\nconcept guides. See 'git help <command>' or 'git help <concept>'\nto read about a specific subcommand or concept.\nSee 'git help git' for an overview of the system.\n""
[0m21:03:35.285782 [debug] [MainThread]: STDERR: "b''"
[0m21:03:35.286104 [info ] [MainThread]:  - git [[32mOK found[0m]

[0m21:03:35.286473 [info ] [MainThread]: Connection test skipped since no profile was found
[0m21:03:35.286943 [info ] [MainThread]: [31m2 checks failed:[0m
[0m21:03:35.287375 [info ] [MainThread]: dbt looked for a profiles.yml file in /home/seacevedo/.dbt/profiles.yml, but did
not find one. For more information on configuring your profile, consult the
documentation:

https://docs.getdbt.com/docs/configure-your-profile


[0m21:03:35.287769 [info ] [MainThread]: Project loading failed for the following reason:
 project path </home/seacevedo/rebrickable_analytics/dbt_project.yml> not found

[0m21:03:35.288641 [debug] [MainThread]: Resource report: {"command_name": "debug", "command_wall_clock_time": 0.03022713, "process_user_time": 2.035745, "process_kernel_time": 0.091608, "process_mem_max_rss": "90848", "process_in_blocks": "46456", "process_out_blocks": "16", "command_success": false}
[0m21:03:35.289200 [debug] [MainThread]: Command `dbt debug` failed at 21:03:35.289069 after 0.03 seconds
[0m21:03:35.289579 [debug] [MainThread]: Sending event: {'category': 'dbt', 'action': 'invocation', 'label': 'end', 'context': [<snowplow_tracker.self_describing_json.SelfDescribingJson object at 0x7f6e304eab00>, <snowplow_tracker.self_describing_json.SelfDescribingJson object at 0x7f6e2eadf280>, <snowplow_tracker.self_describing_json.SelfDescribingJson object at 0x7f6e2eadf640>]}
[0m21:03:35.289983 [debug] [MainThread]: Flushing usage events
